[debug] [2021-11-11T21:56:23.064Z] ----------------------------------------------------------------------
[debug] [2021-11-11T21:56:23.068Z] Command:       C:\Program Files\nodejs\node.exe C:\Users\ABDUR RAHIM\AppData\Roaming\npm\node_modules\firebase-tools\lib\bin\firebase.js init
[debug] [2021-11-11T21:56:23.069Z] CLI Version:   9.22.0
[debug] [2021-11-11T21:56:23.069Z] Platform:      win32
[debug] [2021-11-11T21:56:23.069Z] Node Version:  v14.17.1
[debug] [2021-11-11T21:56:23.071Z] Time:          Fri Nov 12 2021 03:56:23 GMT+0600 (Bangladesh Standard Time)
[debug] [2021-11-11T21:56:23.071Z] ----------------------------------------------------------------------
[debug] 
[debug] [2021-11-11T21:56:23.084Z] > command requires scopes: ["email","openid","https://www.googleapis.com/auth/cloudplatformprojects.readonly","https://www.googleapis.com/auth/firebase","https://www.googleapis.com/auth/cloud-platform"]
[debug] [2021-11-11T21:56:23.085Z] > authorizing via signed-in user (ahmod.fateh@gmail.com)
[info] 
     ######## #### ########  ######## ########     ###     ######  ########
     ##        ##  ##     ## ##       ##     ##  ##   ##  ##       ##
     ######    ##  ########  ######   ########  #########  ######  ######
     ##        ##  ##    ##  ##       ##     ## ##     ##       ## ##
     ##       #### ##     ## ######## ########  ##     ##  ######  ########

You're about to initialize a Firebase project in this directory:

  C:\myweb\assinment-12

Before we get started, keep in mind:

  * You are currently outside your home directory

[info] 
=== Project Setup
[info] 
[info] First, let's associate this project directory with a Firebase project.
[info] You can create multiple project aliases by running firebase use --add, 
[info] but for now we'll just set up a default project.
[info] 
[debug] [2021-11-11T21:56:47.147Z] >>> [apiv2][query] GET https://firebase.googleapis.com/v1beta1/projects pageSize=100
[debug] [2021-11-11T21:56:50.288Z] <<< [apiv2][status] GET https://firebase.googleapis.com/v1beta1/projects 200
[debug] [2021-11-11T21:56:50.289Z] <<< [apiv2][body] GET https://firebase.googleapis.com/v1beta1/projects [omitted]
